[19May2025 00:03:49.906] [Server thread/INFO] [net.minecraft.server.MinecraftServer/]: blackdesfail has made the advancement [Sweet Dreams]
[19May2025 00:05:10.264] [Worker-Main-86/ERROR] [net.minecraft.world.entity.decoration.HangingEntity/]: Hanging entity at invalid position: BlockPos{x=-185, y=-46, z=-142}
[19May2025 00:05:10.270] [Worker-Main-86/ERROR] [net.minecraft.world.entity.decoration.HangingEntity/]: Hanging entity at invalid position: BlockPos{x=-292, y=-57, z=-313}
[19May2025 00:05:10.270] [Worker-Main-86/ERROR] [net.minecraft.world.entity.decoration.HangingEntity/]: Hanging entity at invalid position: BlockPos{x=-294, y=-57, z=-313}
[19May2025 00:05:10.270] [Worker-Main-86/ERROR] [net.minecraft.world.entity.decoration.HangingEntity/]: Hanging entity at invalid position: BlockPos{x=-296, y=-57, z=-313}
[19May2025 00:05:10.292] [Worker-Main-2/ERROR] [net.minecraft.world.entity.decoration.HangingEntity/]: Hanging entity at invalid position: BlockPos{x=-187, y=-46, z=-151}
[19May2025 00:05:10.292] [Worker-Main-2/ERROR] [net.minecraft.world.entity.decoration.HangingEntity/]: Hanging entity at invalid position: BlockPos{x=-187, y=-46, z=-143}
[19May2025 00:05:10.297] [Worker-Main-2/ERROR] [net.minecraft.world.entity.decoration.HangingEntity/]: Hanging entity at invalid position: BlockPos{x=-291, y=-57, z=-315}
[19May2025 00:05:10.297] [Worker-Main-2/ERROR] [net.minecraft.world.entity.decoration.HangingEntity/]: Hanging entity at invalid position: BlockPos{x=-295, y=-57, z=-315}
[19May2025 00:05:10.298] [Worker-Main-2/ERROR] [net.minecraft.world.entity.decoration.HangingEntity/]: Hanging entity at invalid position: BlockPos{x=-293, y=-57, z=-315}
[19May2025 00:05:13.652] [Worker-Main-2/ERROR] [net.minecraft.world.entity.decoration.HangingEntity/]: Hanging entity at invalid position: BlockPos{x=-176, y=-50, z=-133}
[19May2025 00:05:13.653] [Worker-Main-2/ERROR] [net.minecraft.world.entity.decoration.HangingEntity/]: Hanging entity at invalid position: BlockPos{x=-172, y=-50, z=-135}
[19May2025 00:05:20.931] [Server thread/INFO] [net.minecraft.server.MinecraftServer/]: blackdesfail has made the advancement [Gravedigger]
[19May2025 00:14:24.187] [Server thread/INFO] [net.minecraft.server.MinecraftServer/]: blackdesfail has made the advancement [Chompy]
[19May2025 00:14:27.928] [Server thread/INFO] [net.minecraft.server.MinecraftServer/]: blackdesfail was slain by Crocodile
[19May2025 00:16:53.401] [Worker-Main-3/ERROR] [net.minecraft.world.entity.decoration.HangingEntity/]: Hanging entity at invalid position: BlockPos{x=124, y=-23, z=87}
[19May2025 00:16:53.402] [Worker-Main-3/ERROR] [net.minecraft.world.entity.decoration.HangingEntity/]: Hanging entity at invalid position: BlockPos{x=114, y=-23, z=87}
[19May2025 00:17:36.576] [Server thread/INFO] [net.minecraft.server.MinecraftServer/]: blackdesfail was slain by Crocodile
[19May2025 00:26:21.255] [Server thread/INFO] [net.minecraft.server.MinecraftServer/]: blackdesfail has made the advancement [Diamonds!]
[19May2025 00:28:02.218] [Worker-Main-2/ERROR] [net.minecraft.world.entity.decoration.HangingEntity/]: Hanging entity at invalid position: BlockPos{x=-27, y=-51, z=-356}
[19May2025 00:28:02.218] [Worker-Main-2/ERROR] [net.minecraft.world.entity.decoration.HangingEntity/]: Hanging entity at invalid position: BlockPos{x=-26, y=-57, z=-359}
[19May2025 00:28:05.083] [Worker-Main-3/ERROR] [net.minecraft.world.entity.decoration.HangingEntity/]: Hanging entity at invalid position: BlockPos{x=-33, y=-52, z=-356}
[19May2025 00:28:05.084] [Worker-Main-3/ERROR] [net.minecraft.world.entity.decoration.HangingEntity/]: Hanging entity at invalid position: BlockPos{x=-39, y=-51, z=-358}
[19May2025 00:28:05.084] [Worker-Main-3/ERROR] [net.minecraft.world.entity.decoration.HangingEntity/]: Hanging entity at invalid position: BlockPos{x=-39, y=-51, z=-356}
[19May2025 00:28:05.085] [Worker-Main-3/ERROR] [net.minecraft.world.entity.decoration.HangingEntity/]: Hanging entity at invalid position: BlockPos{x=-35, y=-51, z=-362}
[19May2025 00:28:05.085] [Worker-Main-3/ERROR] [net.minecraft.world.entity.decoration.HangingEntity/]: Hanging entity at invalid position: BlockPos{x=-36, y=-56, z=-356}
[19May2025 00:28:21.922] [Server thread/WARN] [net.minecraft.world.level.entity.PersistentEntitySectionManager/]: UUID of added entity already exists: Drowned['Drowned'/93919, l='ServerLevel[madafaka]', x=1016.50, y=48.00, z=2347.50]
[19May2025 00:28:23.272] [Server thread/WARN] [net.minecraft.world.level.entity.PersistentEntitySectionManager/]: UUID of added entity already exists: Drowned['Drowned'/93976, l='ServerLevel[madafaka]', x=1025.50, y=50.00, z=2347.50]
[19May2025 00:28:36.131] [Server thread/INFO] [net.minecraft.server.MinecraftServer/]: blackdesfail was slain by Deepling Brute
[19May2025 00:30:56.884] [Server thread/INFO] [net.minecraft.server.MinecraftServer/]: blackdesfail has made the advancement [Crops of the Wild]
[19May2025 00:31:33.899] [Server thread/WARN] [net.minecraft.server.level.ServerPlayerGameMode/]: Mismatch in destroy block pos: BlockPos{x=1306, y=64, z=1884} BlockPos{x=1305, y=62, z=1885}
[19May2025 00:31:34.103] [Server thread/WARN] [net.minecraft.server.level.ServerPlayerGameMode/]: Mismatch in destroy block pos: BlockPos{x=1306, y=64, z=1884} BlockPos{x=1305, y=62, z=1885}
[19May2025 00:31:36.353] [Server thread/WARN] [net.minecraft.server.network.ServerGamePacketListenerImpl/]: Boat (vehicle of blackdesfail) moved wrongly! 0.5310791015624545
[19May2025 00:31:36.428] [Server thread/WARN] [net.minecraft.server.network.ServerGamePacketListenerImpl/]: Boat (vehicle of blackdesfail) moved wrongly! 0.5310791015624545
[19May2025 00:31:36.452] [Server thread/WARN] [net.minecraft.server.network.ServerGamePacketListenerImpl/]: Boat (vehicle of blackdesfail) moved wrongly! 0.5310791015624545
[19May2025 00:31:39.327] [Server thread/INFO] [net.minecraft.server.MinecraftServer/]: blackdesfail was slain by blackdesfail
[19May2025 00:35:33.270] [Server thread/WARN] [net.minecraft.world.level.entity.PersistentEntitySectionManager/]: UUID of added entity already exists: Drowned['Drowned'/99608, l='ServerLevel[madafaka]', x=1173.50, y=49.00, z=2605.50]
[19May2025 00:41:57.151] [Worker-Main-2/ERROR] [net.minecraft.world.entity.decoration.HangingEntity/]: Hanging entity at invalid position: BlockPos{x=8, y=-59, z=79}
[19May2025 00:42:00.136] [Worker-Main-86/ERROR] [net.minecraft.world.entity.decoration.HangingEntity/]: Hanging entity at invalid position: BlockPos{x=8, y=-59, z=83}
[19May2025 00:42:00.137] [Worker-Main-86/ERROR] [net.minecraft.world.entity.decoration.HangingEntity/]: Hanging entity at invalid position: BlockPos{x=8, y=-59, z=87}
[19May2025 00:42:00.137] [Worker-Main-86/ERROR] [net.minecraft.world.entity.decoration.HangingEntity/]: Hanging entity at invalid position: BlockPos{x=8, y=-59, z=91}
[19May2025 00:42:00.137] [Worker-Main-86/ERROR] [net.minecraft.world.entity.decoration.HangingEntity/]: Hanging entity at invalid position: BlockPos{x=8, y=-59, z=95}
[19May2025 00:42:00.960] [Worker-Main-2/ERROR] [net.minecraft.world.entity.decoration.HangingEntity/]: Hanging entity at invalid position: BlockPos{x=8, y=-59, z=99}
[19May2025 00:42:00.960] [Worker-Main-2/ERROR] [net.minecraft.world.entity.decoration.HangingEntity/]: Hanging entity at invalid position: BlockPos{x=8, y=-59, z=103}
[19May2025 00:42:00.960] [Worker-Main-2/ERROR] [net.minecraft.world.entity.decoration.HangingEntity/]: Hanging entity at invalid position: BlockPos{x=8, y=-59, z=107}
[19May2025 00:42:00.960] [Worker-Main-2/ERROR] [net.minecraft.world.entity.decoration.HangingEntity/]: Hanging entity at invalid position: BlockPos{x=8, y=-59, z=111}
[19May2025 00:42:03.382] [Worker-Main-2/ERROR] [net.minecraft.world.entity.decoration.HangingEntity/]: Hanging entity at invalid position: BlockPos{x=8, y=-59, z=115}
[19May2025 00:42:03.383] [Worker-Main-2/ERROR] [net.minecraft.world.entity.decoration.HangingEntity/]: Hanging entity at invalid position: BlockPos{x=8, y=-59, z=119}
[19May2025 00:42:03.383] [Worker-Main-2/ERROR] [net.minecraft.world.entity.decoration.HangingEntity/]: Hanging entity at invalid position: BlockPos{x=8, y=-59, z=123}
[19May2025 00:42:03.475] [Worker-Main-86/ERROR] [net.minecraft.world.entity.decoration.HangingEntity/]: Hanging entity at invalid position: BlockPos{x=8, y=-59, z=99}
[19May2025 00:42:03.475] [Worker-Main-86/ERROR] [net.minecraft.world.entity.decoration.HangingEntity/]: Hanging entity at invalid position: BlockPos{x=8, y=-59, z=103}
[19May2025 00:42:03.475] [Worker-Main-86/ERROR] [net.minecraft.world.entity.decoration.HangingEntity/]: Hanging entity at invalid position: BlockPos{x=8, y=-59, z=107}
[19May2025 00:42:03.475] [Worker-Main-86/ERROR] [net.minecraft.world.entity.decoration.HangingEntity/]: Hanging entity at invalid position: BlockPos{x=8, y=-59, z=111}
[19May2025 00:42:03.542] [Worker-Main-3/ERROR] [net.minecraft.world.entity.decoration.HangingEntity/]: Hanging entity at invalid position: BlockPos{x=8, y=-59, z=83}
[19May2025 00:42:03.542] [Worker-Main-3/ERROR] [net.minecraft.world.entity.decoration.HangingEntity/]: Hanging entity at invalid position: BlockPos{x=8, y=-59, z=87}
[19May2025 00:42:03.542] [Worker-Main-3/ERROR] [net.minecraft.world.entity.decoration.HangingEntity/]: Hanging entity at invalid position: BlockPos{x=8, y=-59, z=91}
[19May2025 00:42:03.542] [Worker-Main-3/ERROR] [net.minecraft.world.entity.decoration.HangingEntity/]: Hanging entity at invalid position: BlockPos{x=8, y=-59, z=95}
[19May2025 00:42:03.558] [Worker-Main-3/ERROR] [net.minecraft.world.entity.decoration.HangingEntity/]: Hanging entity at invalid position: BlockPos{x=8, y=-59, z=79}
[19May2025 00:42:03.763] [Worker-Main-95/ERROR] [net.minecraft.world.entity.decoration.HangingEntity/]: Hanging entity at invalid position: BlockPos{x=8, y=-59, z=79}
[19May2025 00:42:03.764] [Worker-Main-95/ERROR] [net.minecraft.world.entity.decoration.HangingEntity/]: Hanging entity at invalid position: BlockPos{x=8, y=-59, z=115}
[19May2025 00:42:03.764] [Worker-Main-95/ERROR] [net.minecraft.world.entity.decoration.HangingEntity/]: Hanging entity at invalid position: BlockPos{x=8, y=-59, z=119}
[19May2025 00:42:03.764] [Worker-Main-95/ERROR] [net.minecraft.world.entity.decoration.HangingEntity/]: Hanging entity at invalid position: BlockPos{x=8, y=-59, z=123}
[19May2025 00:42:09.668] [Worker-Main-2/ERROR] [net.minecraft.world.entity.decoration.HangingEntity/]: Hanging entity at invalid position: BlockPos{x=8, y=-59, z=83}
[19May2025 00:42:09.669] [Worker-Main-2/ERROR] [net.minecraft.world.entity.decoration.HangingEntity/]: Hanging entity at invalid position: BlockPos{x=8, y=-59, z=87}
[19May2025 00:42:09.669] [Worker-Main-2/ERROR] [net.minecraft.world.entity.decoration.HangingEntity/]: Hanging entity at invalid position: BlockPos{x=8, y=-59, z=91}
[19May2025 00:42:09.669] [Worker-Main-2/ERROR] [net.minecraft.world.entity.decoration.HangingEntity/]: Hanging entity at invalid position: BlockPos{x=8, y=-59, z=95}
[19May2025 00:42:13.631] [Worker-Main-95/ERROR] [net.minecraft.world.entity.decoration.HangingEntity/]: Hanging entity at invalid position: BlockPos{x=8, y=-59, z=99}
[19May2025 00:42:13.631] [Worker-Main-95/ERROR] [net.minecraft.world.entity.decoration.HangingEntity/]: Hanging entity at invalid position: BlockPos{x=8, y=-59, z=103}
[19May2025 00:42:13.631] [Worker-Main-95/ERROR] [net.minecraft.world.entity.decoration.HangingEntity/]: Hanging entity at invalid position: BlockPos{x=8, y=-59, z=107}
[19May2025 00:42:13.631] [Worker-Main-95/ERROR] [net.minecraft.world.entity.decoration.HangingEntity/]: Hanging entity at invalid position: BlockPos{x=8, y=-59, z=111}
[19May2025 00:42:17.641] [Worker-Main-2/ERROR] [net.minecraft.world.entity.decoration.HangingEntity/]: Hanging entity at invalid position: BlockPos{x=8, y=-59, z=115}
[19May2025 00:42:17.642] [Worker-Main-2/ERROR] [net.minecraft.world.entity.decoration.HangingEntity/]: Hanging entity at invalid position: BlockPos{x=8, y=-59, z=119}
[19May2025 00:42:17.642] [Worker-Main-2/ERROR] [net.minecraft.world.entity.decoration.HangingEntity/]: Hanging entity at invalid position: BlockPos{x=8, y=-59, z=123}
[19May2025 00:42:19.069] [Worker-Main-3/ERROR] [net.minecraft.world.entity.decoration.HangingEntity/]: Hanging entity at invalid position: BlockPos{x=8, y=-59, z=111}
[19May2025 00:42:19.069] [Worker-Main-3/ERROR] [net.minecraft.world.entity.decoration.HangingEntity/]: Hanging entity at invalid position: BlockPos{x=8, y=-59, z=115}
[19May2025 00:42:19.069] [Worker-Main-3/ERROR] [net.minecraft.world.entity.decoration.HangingEntity/]: Hanging entity at invalid position: BlockPos{x=8, y=-59, z=119}
[19May2025 00:42:19.069] [Worker-Main-3/ERROR] [net.minecraft.world.entity.decoration.HangingEntity/]: Hanging entity at invalid position: BlockPos{x=8, y=-59, z=123}
[19May2025 00:48:08.344] [Worker-Main-3/ERROR] [net.minecraft.world.entity.decoration.HangingEntity/]: Hanging entity at invalid position: BlockPos{x=8, y=-59, z=95}
[19May2025 00:48:08.344] [Worker-Main-3/ERROR] [net.minecraft.world.entity.decoration.HangingEntity/]: Hanging entity at invalid position: BlockPos{x=8, y=-59, z=99}
[19May2025 00:48:08.345] [Worker-Main-3/ERROR] [net.minecraft.world.entity.decoration.HangingEntity/]: Hanging entity at invalid position: BlockPos{x=8, y=-59, z=103}
[19May2025 00:48:08.345] [Worker-Main-3/ERROR] [net.minecraft.world.entity.decoration.HangingEntity/]: Hanging entity at invalid position: BlockPos{x=8, y=-59, z=107}
[19May2025 00:48:08.352] [Worker-Main-2/ERROR] [net.minecraft.world.entity.decoration.HangingEntity/]: Hanging entity at invalid position: BlockPos{x=8, y=-59, z=79}
[19May2025 00:48:08.894] [Worker-Main-86/ERROR] [net.minecraft.world.entity.decoration.HangingEntity/]: Hanging entity at invalid position: BlockPos{x=8, y=-59, z=79}
[19May2025 00:48:08.894] [Worker-Main-86/ERROR] [net.minecraft.world.entity.decoration.HangingEntity/]: Hanging entity at invalid position: BlockPos{x=8, y=-59, z=83}
[19May2025 00:48:08.894] [Worker-Main-86/ERROR] [net.minecraft.world.entity.decoration.HangingEntity/]: Hanging entity at invalid position: BlockPos{x=8, y=-59, z=87}
[19May2025 00:48:08.894] [Worker-Main-86/ERROR] [net.minecraft.world.entity.decoration.HangingEntity/]: Hanging entity at invalid position: BlockPos{x=8, y=-59, z=91}
[19May2025 00:48:08.901] [Worker-Main-95/ERROR] [net.minecraft.world.entity.decoration.HangingEntity/]: Hanging entity at invalid position: BlockPos{x=8, y=-59, z=83}
[19May2025 00:48:08.901] [Worker-Main-95/ERROR] [net.minecraft.world.entity.decoration.HangingEntity/]: Hanging entity at invalid position: BlockPos{x=8, y=-59, z=87}
[19May2025 00:48:08.901] [Worker-Main-95/ERROR] [net.minecraft.world.entity.decoration.HangingEntity/]: Hanging entity at invalid position: BlockPos{x=8, y=-59, z=91}
[19May2025 00:48:08.901] [Worker-Main-95/ERROR] [net.minecraft.world.entity.decoration.HangingEntity/]: Hanging entity at invalid position: BlockPos{x=8, y=-59, z=95}
